<?xml version="1.0" encoding="UTF-8"?>
<!-- Generated by org.testng.reporters.JUnitReportReporter -->
<testsuite hostname="Shivaraj" failures="0" tests="1" name="Session2.TC_04_PatchMethod" time="2.042" errors="0" timestamp="2023-03-12T13:26:12 IST" skipped="0">
  <testcase classname="Session2.TC_04_PatchMethod" name="test01" time="2.042"/>
  <system-out/>
</testsuite> <!-- Session2.TC_04_PatchMethod -->
