<?xml version="1.0" encoding="UTF-8"?>
<!-- Generated by org.testng.reporters.JUnitReportReporter -->
<testsuite hostname="Shivaraj" failures="0" tests="1" name="Session1.FirstGetRequest" time="1.671" errors="0" timestamp="2023-03-12T12:33:45 IST" skipped="0">
  <testcase classname="Session1.FirstGetRequest" name="testcase01" time="1.671"/>
  <system-out/>
</testsuite> <!-- Session1.FirstGetRequest -->
