<?xml version="1.0" encoding="UTF-8"?>
<!-- Generated by org.testng.reporters.JUnitReportReporter -->
<testsuite hostname="Shivaraj" failures="0" tests="1" name="Session2.PostMethod" time="1.861" errors="0" timestamp="2023-03-12T13:16:23 IST" skipped="0">
  <testcase classname="Session2.PostMethod" name="testcase01" time="1.861"/>
  <system-out/>
</testsuite> <!-- Session2.PostMethod -->
