<?xml version="1.0" encoding="UTF-8"?>
<!-- Generated by org.testng.reporters.JUnitReportReporter -->
<testsuite hostname="Shivaraj" failures="0" tests="2" name="Session4.ValidateResponseHeader" time="1.430" errors="0" timestamp="2023-03-12T14:17:23 IST" skipped="0">
  <testcase classname="Session4.ValidateResponseHeader" name="getsingleUSer" time="1.326"/>
  <system-out/>
  <testcase classname="Session4.ValidateResponseHeader" name="getsingleUser1" time="0.104"/>
  <system-out/>
</testsuite> <!-- Session4.ValidateResponseHeader -->
