<?xml version="1.0" encoding="UTF-8"?>
<!-- Generated by org.testng.reporters.JUnitReportReporter -->
<testsuite hostname="Shivaraj" failures="0" tests="1" name="Session2.TC_05_DeleteUser" time="1.739" errors="0" timestamp="2023-03-12T13:36:08 IST" skipped="0">
  <testcase classname="Session2.TC_05_DeleteUser" name="test02" time="1.739"/>
  <system-out/>
</testsuite> <!-- Session2.TC_05_DeleteUser -->
