<?xml version="1.0" encoding="UTF-8"?>
<!-- Generated by org.testng.reporters.JUnitReportReporter -->
<testsuite hostname="Shivaraj" failures="0" tests="2" name="Session2.GetMethod" time="1.719" errors="0" timestamp="2023-03-12T12:49:41 IST" skipped="0">
  <testcase classname="Session2.GetMethod" name="test01" time="1.626"/>
  <system-out/>
  <testcase classname="Session2.GetMethod" name="test02" time="0.093"/>
  <system-out/>
</testsuite> <!-- Session2.GetMethod -->
