<?xml version="1.0" encoding="UTF-8"?>
<!-- Generated by org.testng.reporters.JUnitReportReporter -->
<testsuite hostname="Shivaraj" failures="0" tests="1" name="Session2.PutMethod" time="2.383" errors="0" timestamp="2023-03-12T13:20:55 IST" skipped="0">
  <testcase classname="Session2.PutMethod" name="test01" time="2.383"/>
  <system-out/>
</testsuite> <!-- Session2.PutMethod -->
