<?xml version="1.0" encoding="UTF-8"?>
<!-- Generated by org.testng.reporters.JUnitReportReporter -->
<testsuite hostname="Shivaraj" failures="0" tests="1" name="Session3.CheckValideResponseUsingValidatableResponse" time="1.485" errors="0" timestamp="2023-03-12T13:52:31 IST" skipped="0">
  <testcase classname="Session3.CheckValideResponseUsingValidatableResponse" name="test" time="1.485"/>
  <system-out/>
</testsuite> <!-- Session3.CheckValideResponseUsingValidatableResponse -->
