<?xml version="1.0" encoding="UTF-8"?>
<!-- Generated by org.testng.reporters.JUnitReportReporter -->
<testsuite hostname="Shivaraj" failures="0" tests="1" name="Session3.CheckValideResponse" time="1.717" errors="0" timestamp="2023-03-12T14:00:21 IST" skipped="0">
  <testcase classname="Session3.CheckValideResponse" name="BDD_Style" time="1.717"/>
  <system-out/>
</testsuite> <!-- Session3.CheckValideResponse -->
